<?xml version="1.0" encoding="UTF-8" ?>
<testsuite tests="14" failures="12" name="com.hauschildt.car.CarTest" time="0.096" errors="0" skipped="0">
  <properties>
[...]
</properties>
  <testcase classname="com.hauschildt.car.CarTest" name="com.hauschildt.car.CarTest.testGetModelYear" time="0.056">
    <failure message="expected: &lt;0&gt; but was: &lt;2020&gt;" type="org.opentest4j.AssertionFailedError">org.opentest4j.AssertionFailedError: expected: &lt;0&gt; but was: &lt;2020&gt;
	at org.junit.jupiter.api.AssertionUtils.fail(AssertionUtils.java:55)
	at org.junit.jupiter.api.AssertionUtils.failNotEqual(AssertionUtils.java:62)
	at org.junit.jupiter.api.AssertEquals.assertEquals(AssertEquals.java:150)
	at org.junit.jupiter.api.AssertEquals.assertEquals(AssertEquals.java:145)
	at org.junit.jupiter.api.Assertions.assertEquals(Assertions.java:510)
	at com.hauschildt.car.CarTest.testGetModelYear(CarTest.java:125)
</failure>
    <system-out>getModelYear
</system-out>
  </testcase>
  <testcase classname="com.hauschildt.car.CarTest" name="com.hauschildt.car.CarTest.testSetMake" time="0.001">
    <failure message="The test case is a prototype." type="org.opentest4j.AssertionFailedError">org.opentest4j.AssertionFailedError: The test case is a prototype.
	at org.junit.jupiter.api.AssertionUtils.fail(AssertionUtils.java:39)
	at org.junit.jupiter.api.Assertions.fail(Assertions.java:109)
	at com.hauschildt.car.CarTest.testSetMake(CarTest.java:86)
</failure>
    <system-out>setMake
</system-out>
  </testcase>
  <testcase classname="com.hauschildt.car.CarTest" name="com.hauschildt.car.CarTest.testSetModelYear" time="0">
    <failure message="Model Year cannot be earlier than 1893." type="java.lang.IllegalArgumentException">java.lang.IllegalArgumentException: Model Year cannot be earlier than 1893.
	at com.hauschildt.car.Car.validateModelYear(Car.java:84)
	at com.hauschildt.car.Car.setModelYear(Car.java:74)
	at com.hauschildt.car.CarTest.testSetModelYear(CarTest.java:138)
</failure>
    <system-out>setModelYear
</system-out>
  </testcase>
  <testcase classname="com.hauschildt.car.CarTest" name="com.hauschildt.car.CarTest.testToString" time="0.029">
    <failure message="expected: &lt;&gt; but was: &lt;2020 UNKNOWN UNKNOWN&gt;" type="org.opentest4j.AssertionFailedError">org.opentest4j.AssertionFailedError: expected: &lt;&gt; but was: &lt;2020 UNKNOWN UNKNOWN&gt;
	at org.junit.jupiter.api.AssertionUtils.fail(AssertionUtils.java:55)
	at org.junit.jupiter.api.AssertionUtils.failNotEqual(AssertionUtils.java:62)
	at org.junit.jupiter.api.AssertEquals.assertEquals(AssertEquals.java:182)
	at org.junit.jupiter.api.AssertEquals.assertEquals(AssertEquals.java:177)
	at org.junit.jupiter.api.Assertions.assertEquals(Assertions.java:1124)
	at com.hauschildt.car.CarTest.testToString(CarTest.java:175)
</failure>
    <system-out>toString
</system-out>
  </testcase>
  <testcase classname="com.hauschildt.car.CarTest" name="com.hauschildt.car.CarTest.testGetModel" time="0.001">
    <failure message="expected: &lt;&gt; but was: &lt;UNKNOWN&gt;" type="org.opentest4j.AssertionFailedError">org.opentest4j.AssertionFailedError: expected: &lt;&gt; but was: &lt;UNKNOWN&gt;
	at org.junit.jupiter.api.AssertionUtils.fail(AssertionUtils.java:55)
	at org.junit.jupiter.api.AssertionUtils.failNotEqual(AssertionUtils.java:62)
	at org.junit.jupiter.api.AssertEquals.assertEquals(AssertEquals.java:182)
	at org.junit.jupiter.api.AssertEquals.assertEquals(AssertEquals.java:177)
	at org.junit.jupiter.api.Assertions.assertEquals(Assertions.java:1124)
	at com.hauschildt.car.CarTest.testGetModel(CarTest.java:98)
</failure>
    <system-out>getModel
</system-out>
  </testcase>
  <testcase classname="com.hauschildt.car.CarTest" name="com.hauschildt.car.CarTest.testSetModel" time="0.001">
    <failure message="The test case is a prototype." type="org.opentest4j.AssertionFailedError">org.opentest4j.AssertionFailedError: The test case is a prototype.
	at org.junit.jupiter.api.AssertionUtils.fail(AssertionUtils.java:39)
	at org.junit.jupiter.api.Assertions.fail(Assertions.java:109)
	at com.hauschildt.car.CarTest.testSetModel(CarTest.java:113)
</failure>
    <system-out>setModel
</system-out>
  </testcase>
  <testcase classname="com.hauschildt.car.CarTest" name="com.hauschildt.car.CarTest.testGetMake" time="0.001">
    <failure message="expected: &lt;&gt; but was: &lt;UNKNOWN&gt;" type="org.opentest4j.AssertionFailedError">org.opentest4j.AssertionFailedError: expected: &lt;&gt; but was: &lt;UNKNOWN&gt;
	at org.junit.jupiter.api.AssertionUtils.fail(AssertionUtils.java:55)
	at org.junit.jupiter.api.AssertionUtils.failNotEqual(AssertionUtils.java:62)
	at org.junit.jupiter.api.AssertEquals.assertEquals(AssertEquals.java:182)
	at org.junit.jupiter.api.AssertEquals.assertEquals(AssertEquals.java:177)
	at org.junit.jupiter.api.Assertions.assertEquals(Assertions.java:1124)
	at com.hauschildt.car.CarTest.testGetMake(CarTest.java:71)
</failure>
    <system-out>getMake
</system-out>
  </testcase>
  <testcase classname="com.hauschildt.car.CarTest" name="com.hauschildt.car.CarTest.testCompareToEqual" time="0.001">
    <failure type="java.lang.NullPointerException">java.lang.NullPointerException
	at com.hauschildt.car.Car.compareTo(Car.java:100)
	at com.hauschildt.car.CarTest.testCompareToEqual(CarTest.java:213)
</failure>
    <system-out>compareTo
</system-out>
  </testcase>
  <testcase classname="com.hauschildt.car.CarTest" name="com.hauschildt.car.CarTest.testCompareToPositive" time="0.001">
    <failure type="java.lang.NullPointerException">java.lang.NullPointerException
	at com.hauschildt.car.Car.compareTo(Car.java:100)
	at com.hauschildt.car.CarTest.testCompareToPositive(CarTest.java:189)
</failure>
    <system-out>compareTo
</system-out>
  </testcase>
  <testcase classname="com.hauschildt.car.CarTest" name="com.hauschildt.car.CarTest.testGetLowestAllowedModelYear" time="0.002">
    <failure message="expected: &lt;0&gt; but was: &lt;2021&gt;" type="org.opentest4j.AssertionFailedError">org.opentest4j.AssertionFailedError: expected: &lt;0&gt; but was: &lt;2021&gt;
	at org.junit.jupiter.api.AssertionUtils.fail(AssertionUtils.java:55)
	at org.junit.jupiter.api.AssertionUtils.failNotEqual(AssertionUtils.java:62)
	at org.junit.jupiter.api.AssertEquals.assertEquals(AssertEquals.java:150)
	at org.junit.jupiter.api.AssertEquals.assertEquals(AssertEquals.java:145)
	at org.junit.jupiter.api.Assertions.assertEquals(Assertions.java:510)
	at com.hauschildt.car.CarTest.testGetLowestAllowedModelYear(CarTest.java:161)
</failure>
    <system-out>getHighestAllowedModelYear
</system-out>
  </testcase>
  <testcase classname="com.hauschildt.car.CarTest" name="com.hauschildt.car.CarTest.testGetHighestAllowedModelYear" time="0.002">
    <failure message="expected: &lt;0&gt; but was: &lt;2021&gt;" type="org.opentest4j.AssertionFailedError">org.opentest4j.AssertionFailedError: expected: &lt;0&gt; but was: &lt;2021&gt;
	at org.junit.jupiter.api.AssertionUtils.fail(AssertionUtils.java:55)
	at org.junit.jupiter.api.AssertionUtils.failNotEqual(AssertionUtils.java:62)
	at org.junit.jupiter.api.AssertEquals.assertEquals(AssertEquals.java:150)
	at org.junit.jupiter.api.AssertEquals.assertEquals(AssertEquals.java:145)
	at org.junit.jupiter.api.Assertions.assertEquals(Assertions.java:510)
	at com.hauschildt.car.CarTest.testGetHighestAllowedModelYear(CarTest.java:151)
</failure>
    <system-out>getHighestAllowedModelYear
</system-out>
  </testcase>
  <testcase classname="com.hauschildt.car.CarTest" name="com.hauschildt.car.CarTest.testSetLicensePlate" time="0"/>
  <testcase classname="com.hauschildt.car.CarTest" name="com.hauschildt.car.CarTest.testGetLicensePlate" time="0"/>
  <testcase classname="com.hauschildt.car.CarTest" name="com.hauschildt.car.CarTest.testCompareToNegative" time="0.001">
    <failure type="java.lang.NullPointerException">java.lang.NullPointerException
	at com.hauschildt.car.Car.compareTo(Car.java:100)
	at com.hauschildt.car.CarTest.testCompareToNegative(CarTest.java:201)
</failure>
    <system-out>compareTo
</system-out>
  </testcase>
</testsuite>